<?xml version="1.0" encoding="UTF-8"?>
<!-- Generated by org.testng.reporters.JUnitXMLReporter -->
<testsuite ignored="0" hostname="LAPTOP-3CF81NRV" failures="0" tests="3" name="Default test" time="33.892" errors="0" timestamp="2021-04-21T17:01:38 IST">
  <testcase classname="qa.testcase.LoginTC" name="crmlogoImageTest" time="0.123"/>
  <testcase classname="qa.testcase.LoginTC" name="loginPageTitleTest" time="0.015"/>
  <testcase classname="qa.testcase.LoginTC" name="logintest" time="20.428"/>
</testsuite> <!-- Default test -->
