<?xml version="1.0" encoding="UTF-8"?>
<testng-results ignored="0" total="3" passed="3" failed="0" skipped="0">
  <reporter-output>
  </reporter-output>
  <suite started-at="2021-04-21T17:01:05 IST" name="Default suite" finished-at="2021-04-21T17:01:38 IST" duration-ms="33892">
    <groups>
    </groups>
    <test started-at="2021-04-21T17:01:05 IST" name="Default test" finished-at="2021-04-21T17:01:38 IST" duration-ms="33892">
      <class name="qa.testcase.LoginTC">
        <test-method is-config="true" signature="setup()[pri:0, instance:qa.testcase.LoginTC@6ce139a4]" started-at="2021-04-21T17:01:05 IST" name="setup" finished-at="2021-04-21T17:01:17 IST" duration-ms="12505" status="PASS">
          <reporter-output>
          </reporter-output>
        </test-method> <!-- setup -->
        <test-method signature="crmlogoImageTest()[pri:0, instance:qa.testcase.LoginTC@6ce139a4]" started-at="2021-04-21T17:01:17 IST" name="crmlogoImageTest" finished-at="2021-04-21T17:01:17 IST" duration-ms="123" status="PASS">
          <reporter-output>
          </reporter-output>
        </test-method> <!-- crmlogoImageTest -->
        <test-method signature="loginPageTitleTest()[pri:1, instance:qa.testcase.LoginTC@6ce139a4]" started-at="2021-04-21T17:01:17 IST" name="loginPageTitleTest" finished-at="2021-04-21T17:01:17 IST" duration-ms="15" status="PASS">
          <reporter-output>
          </reporter-output>
        </test-method> <!-- loginPageTitleTest -->
        <test-method signature="logintest()[pri:2, instance:qa.testcase.LoginTC@6ce139a4]" started-at="2021-04-21T17:01:17 IST" name="logintest" finished-at="2021-04-21T17:01:38 IST" duration-ms="20428" status="PASS">
          <reporter-output>
          </reporter-output>
        </test-method> <!-- logintest -->
        <test-method is-config="true" signature="tearDown()[pri:0, instance:qa.testcase.LoginTC@6ce139a4]" started-at="2021-04-21T17:01:38 IST" name="tearDown" finished-at="2021-04-21T17:01:38 IST" duration-ms="757" status="PASS">
          <reporter-output>
          </reporter-output>
        </test-method> <!-- tearDown -->
      </class> <!-- qa.testcase.LoginTC -->
    </test> <!-- Default test -->
  </suite> <!-- Default suite -->
</testng-results>
